2021-11-26 10:13:45,810 INFO org.springframework.boot.StartupInfoLogger [main] Starting SpringLoppisApplication using Java 17.0.1 on DESKTOP-EH5LP9K with PID 14924 (C:\Users\leo\Desktop\spring-loppis\target\classes started by leo in C:\Users\leo\Desktop\spring-loppis)
2021-11-26 10:13:45,813 INFO org.springframework.boot.SpringApplication [main] No active profile set, falling back to default profiles: default
2021-11-26 10:13:48,834 INFO org.springframework.data.repository.config.RepositoryConfigurationDelegate [main] Bootstrapping Spring Data JPA repositories in DEFAULT mode.
2021-11-26 10:13:49,385 INFO org.springframework.data.repository.config.RepositoryConfigurationDelegate [main] Finished Spring Data repository scanning in 449 ms. Found 2 JPA repository interfaces.
2021-11-26 10:13:52,161 INFO org.springframework.boot.web.embedded.tomcat.TomcatWebServer [main] Tomcat initialized with port(s): 8080 (http)
2021-11-26 10:13:52,170 INFO org.apache.juli.logging.DirectJDKLog [main] Initializing ProtocolHandler ["http-nio-8080"]
2021-11-26 10:13:52,170 INFO org.apache.juli.logging.DirectJDKLog [main] Starting service [Tomcat]
2021-11-26 10:13:52,170 INFO org.apache.juli.logging.DirectJDKLog [main] Starting Servlet engine: [Apache Tomcat/9.0.55]
2021-11-26 10:13:52,264 INFO org.apache.juli.logging.DirectJDKLog [main] Initializing Spring embedded WebApplicationContext
2021-11-26 10:13:52,264 INFO org.springframework.boot.web.servlet.context.ServletWebServerApplicationContext [main] Root WebApplicationContext: initialization completed in 6402 ms
2021-11-26 10:13:52,389 INFO com.zaxxer.hikari.HikariDataSource [main] HikariPool-1 - Starting...
2021-11-26 10:13:52,498 INFO com.zaxxer.hikari.HikariDataSource [main] HikariPool-1 - Start completed.
2021-11-26 10:13:52,539 INFO org.hibernate.jpa.internal.util.LogHelper [main] HHH000204: Processing PersistenceUnitInfo [name: default]
2021-11-26 10:13:52,594 INFO org.hibernate.Version [main] HHH000412: Hibernate ORM core version 5.6.1.Final
2021-11-26 10:13:52,742 INFO org.hibernate.annotations.common.reflection.java.JavaReflectionManager [main] HCANN000001: Hibernate Commons Annotations {5.1.2.Final}
2021-11-26 10:13:52,843 INFO org.hibernate.dialect.Dialect [main] HHH000400: Using dialect: org.hibernate.dialect.H2Dialect
2021-11-26 10:13:53,364 INFO org.hibernate.engine.transaction.jta.platform.internal.JtaPlatformInitiator [main] HHH000490: Using JtaPlatform implementation: [org.hibernate.engine.transaction.jta.platform.internal.NoJtaPlatform]
2021-11-26 10:13:53,372 INFO org.springframework.orm.jpa.AbstractEntityManagerFactoryBean [main] Initialized JPA EntityManagerFactory for persistence unit 'default'
2021-11-26 10:13:53,608 WARN org.springframework.boot.autoconfigure.orm.jpa.JpaBaseConfiguration$JpaWebConfiguration [main] spring.jpa.open-in-view is enabled by default. Therefore, database queries may be performed during view rendering. Explicitly configure spring.jpa.open-in-view to disable this warning
2021-11-26 10:13:53,850 INFO org.apache.juli.logging.DirectJDKLog [main] Starting ProtocolHandler ["http-nio-8080"]
2021-11-26 10:13:53,883 INFO org.springframework.boot.web.embedded.tomcat.TomcatWebServer [main] Tomcat started on port(s): 8080 (http) with context path ''
2021-11-26 10:13:53,891 INFO org.springframework.boot.StartupInfoLogger [main] Started SpringLoppisApplication in 8.709 seconds (JVM running for 9.539)
2021-11-26 10:14:14,580 INFO org.springframework.orm.jpa.AbstractEntityManagerFactoryBean [SpringApplicationShutdownHook] Closing JPA EntityManagerFactory for persistence unit 'default'
2021-11-26 10:14:14,581 INFO org.hibernate.tool.schema.internal.SchemaDropperImpl$DelayedDropActionImpl [SpringApplicationShutdownHook] HHH000477: Starting delayed evictData of schema as part of SessionFactory shut-down'
2021-11-26 10:14:14,590 INFO com.zaxxer.hikari.HikariDataSource [SpringApplicationShutdownHook] HikariPool-1 - Shutdown initiated...
2021-11-26 10:14:14,592 INFO com.zaxxer.hikari.HikariDataSource [SpringApplicationShutdownHook] HikariPool-1 - Shutdown completed.
